<?xml version="1.0" encoding="UTF-8"?>
<TestRun id="f8687ac9-d7b6-4820-99d9-84a8fa66d5c5" name="GAYATRI@GAYATRI-PC 2015-02-12 13:09:10" runUser="GAYATRI-PC\GAYATRI" xmlns="http://microsoft.com/schemas/VisualStudio/TeamTest/2010">
  <TestSettings name="Local" id="e56ac013-def7-48e3-a61b-401b1db21146">
    <Description>These are default test settings for a local test run.</Description>
    <Deployment enabled="false" runDeploymentRoot="GAYATRI_GAYATRI-PC 2015-02-12 13_09_10">
      <DeploymentItem filename="F:\Practise_C#\G3_ConsoleApp1\MyClassLibrary_G3\bin\Debug\MyClassLibrary_G3.dll" />
    </Deployment>
    <Execution>
      <TestTypeSpecific />
      <AgentRule name="Execution Agents">
      </AgentRule>
    </Execution>
  </TestSettings>
  <Times creation="2015-02-12T13:09:10.3928078+05:30" queuing="2015-02-12T13:09:22.5565036+05:30" start="2015-02-12T13:09:23.4495546+05:30" finish="2015-02-12T13:09:26.4237248+05:30" />
  <ResultSummary outcome="Completed">
    <Counters total="1" executed="1" passed="1" error="0" failed="0" timeout="0" aborted="0" inconclusive="0" passedButRunAborted="0" notRunnable="0" notExecuted="0" disconnected="0" warning="0" completed="0" inProgress="0" pending="0" />
  </ResultSummary>
  <TestDefinitions>
    <UnitTest name="TestMethod1_Rev" storage="f:\practise_c#\g3_consoleapp1\testproject1\bin\debug\testproject1.dll" id="97d4dd45-2ced-7cb3-820b-02550b5d5693">
      <Execution id="65bf8a5d-1c3d-4b9f-880e-e7b688b54f28" />
      <TestMethod codeBase="F:/Practise_C#/G3_ConsoleApp1/TestProject1/bin/Debug/TestProject1.DLL" adapterTypeName="Microsoft.VisualStudio.TestTools.TestTypes.Unit.UnitTestAdapter, Microsoft.VisualStudio.QualityTools.Tips.UnitTest.Adapter, Version=10.0.0.0, Culture=neutral, PublicKeyToken=b03f5f7f11d50a3a" className="TestProject1.My_UnitTest1, TestProject1, Version=1.0.0.0, Culture=neutral, PublicKeyToken=null" name="TestMethod1_Rev" />
    </UnitTest>
  </TestDefinitions>
  <TestLists>
    <TestList name="Results Not in a List" id="8c84fa94-04c1-424b-9868-57a2d4851a1d" />
    <TestList name="All Loaded Results" id="19431567-8539-422a-85d7-44ee4e166bda" />
  </TestLists>
  <TestEntries>
    <TestEntry testId="97d4dd45-2ced-7cb3-820b-02550b5d5693" executionId="65bf8a5d-1c3d-4b9f-880e-e7b688b54f28" testListId="8c84fa94-04c1-424b-9868-57a2d4851a1d" />
  </TestEntries>
  <Results>
    <UnitTestResult executionId="65bf8a5d-1c3d-4b9f-880e-e7b688b54f28" testId="97d4dd45-2ced-7cb3-820b-02550b5d5693" testName="TestMethod1_Rev" computerName="GAYATRI-PC" duration="00:00:00.0811288" startTime="2015-02-12T13:09:23.7635726+05:30" endTime="2015-02-12T13:09:25.9566980+05:30" testType="13cdc9d9-ddb5-4fa4-a97d-d965ccfc6d4b" outcome="Passed" testListId="8c84fa94-04c1-424b-9868-57a2d4851a1d" relativeResultsDirectory="65bf8a5d-1c3d-4b9f-880e-e7b688b54f28">
    </UnitTestResult>
  </Results>
</TestRun>